0 info it worked if it ends with ok
1 verbose cli [ 'C:\\Program Files\\nodejs\\node.exe',
1 verbose cli   'C:\\Program Files\\nodejs\\node_modules\\npm\\bin\\npm-cli.js',
1 verbose cli   'run',
1 verbose cli   'test' ]
2 info using npm@3.8.3
3 info using node@v5.10.0
4 verbose run-script [ 'pretest', 'test', 'posttest' ]
5 info lifecycle type-script--react-js--web-pack@~pretest: type-script--react-js--web-pack@
6 silly lifecycle type-script--react-js--web-pack@~pretest: no script for pretest, continuing
7 info lifecycle type-script--react-js--web-pack@~test: type-script--react-js--web-pack@
8 verbose lifecycle type-script--react-js--web-pack@~test: unsafe-perm in lifecycle true
9 verbose lifecycle type-script--react-js--web-pack@~test: PATH: C:\Program Files\nodejs\node_modules\npm\bin\node-gyp-bin;C:\Users\User\Documents\GitHub\MockExp\typereactpack\node_modules\.bin;C:\Program Files\nodejs;C:\Users\User\AppData\Local\GitHub\PortableGit_25d850739bc178b2eb13c3e2a9faafea2f9143c0\cmd;C:\Users\User\AppData\Local\GitHub\PortableGit_25d850739bc178b2eb13c3e2a9faafea2f9143c0\usr\bin;C:\Users\User\AppData\Local\GitHub\PortableGit_25d850739bc178b2eb13c3e2a9faafea2f9143c0\usr\share\git-tfs;C:\Users\User\AppData\Local\Apps\2.0\J8VVAPNM.KX1\GHE3Z2L1.91E\gith..tion_317444273a93ac29_0003.0000_c74cce3a838f9354;C:\Users\User\AppData\Local\GitHub\lfs-amd64_1.1.0;C:\WINDOWS\Microsoft.NET\Framework\v4.0.30319;C:\Users\User\AppData\Local\Apps\2.0\J8VVAPNM.KX1\GHE3Z2L1.91E\gith..tion_317444273a93ac29_0003.0000_c74cce3a838f9354\NativeBinaries\x86;C:\WINDOWS\system32;C:\WINDOWS;C:\WINDOWS\System32\Wbem;C:\WINDOWS\System32\WindowsPowerShell\v1.0\;C:\Program Files (x86)\AMD\ATI.ACE\Core-Static;C:\Program Files (x86)\ATI Technologies\ATI.ACE\Core-Static;C:\HashiCorp\Vagrant\bin;C:\Program Files\Git\cmd;C:\Program Files\nodejs\;C:\Users\User\AppData\Roaming\npm;C:\Program Files\Docker Toolbox
10 verbose lifecycle type-script--react-js--web-pack@~test: CWD: C:\Users\User\Documents\GitHub\MockExp\typereactpack
11 silly lifecycle type-script--react-js--web-pack@~test: Args: [ '/d /s /c', 'karma start' ]
12 silly lifecycle type-script--react-js--web-pack@~test: Returned: code: 1  signal: null
13 info lifecycle type-script--react-js--web-pack@~test: Failed to exec test script
14 verbose stack Error: type-script--react-js--web-pack@ test: `karma start`
14 verbose stack Exit status 1
14 verbose stack     at EventEmitter.<anonymous> (C:\Program Files\nodejs\node_modules\npm\lib\utils\lifecycle.js:239:16)
14 verbose stack     at emitTwo (events.js:100:13)
14 verbose stack     at EventEmitter.emit (events.js:185:7)
14 verbose stack     at ChildProcess.<anonymous> (C:\Program Files\nodejs\node_modules\npm\lib\utils\spawn.js:24:14)
14 verbose stack     at emitTwo (events.js:100:13)
14 verbose stack     at ChildProcess.emit (events.js:185:7)
14 verbose stack     at maybeClose (internal/child_process.js:850:16)
14 verbose stack     at Process.ChildProcess._handle.onexit (internal/child_process.js:215:5)
15 verbose pkgid type-script--react-js--web-pack@
16 verbose cwd C:\Users\User\Documents\GitHub\MockExp\typereactpack
17 error Windows_NT 10.0.10240
18 error argv "C:\\Program Files\\nodejs\\node.exe" "C:\\Program Files\\nodejs\\node_modules\\npm\\bin\\npm-cli.js" "run" "test"
19 error node v5.10.0
20 error npm  v3.8.3
21 error code ELIFECYCLE
22 error type-script--react-js--web-pack@ test: `karma start`
22 error Exit status 1
23 error Failed at the type-script--react-js--web-pack@ test script 'karma start'.
23 error Make sure you have the latest version of node.js and npm installed.
23 error If you do, this is most likely a problem with the type-script--react-js--web-pack package,
23 error not with npm itself.
23 error Tell the author that this fails on your system:
23 error     karma start
23 error You can get information on how to open an issue for this project with:
23 error     npm bugs type-script--react-js--web-pack
23 error Or if that isn't available, you can get their info via:
23 error     npm owner ls type-script--react-js--web-pack
23 error There is likely additional logging output above.
24 verbose exit [ 1, true ]
